# JRE version: OpenJDK Runtime Environment Zulu17.30+15-CA (17.0.1+12) (build 17.0.1+12-LTS)
# Java VM: OpenJDK 64-Bit Server VM Zulu17.30+15-CA (17.0.1+12-LTS, mixed mode, tiered, compressed oops, compressed class ptrs, g1 gc, bsd-aarch64)
GC Precious Log:
 CPUs: 10 total, 10 available
 Memory: 16384M
 Large Page Support: Disabled
 NUMA Support: Disabled
 Compressed Oops: Enabled (Zero based)
 Heap Region Size: 2M
 Heap Min Capacity: 8M
 Heap Initial Capacity: 256M
 Heap Max Capacity: 4G
 Pre-touch: Disabled
 Parallel Workers: 9
 Concurrent Workers: 2
 Concurrent Refinement Workers: 9
 Periodic GC: Disabled
Heap:
 garbage-first heap   total 315392K, used 141571K [0x00000006c0000000, 0x00000007c0000000)
  region size 2048K, 2 young (4096K), 1 survivors (2048K)
 Metaspace       used 29927K, committed 30272K, reserved 1081344K
  class space    used 3266K, committed 3456K, reserved 1048576K
GC Heap History (20 events):
Event: 6.599 GC heap before
{Heap before GC invocations=14 (full 0):
 garbage-first heap   total 157696K, used 97480K [0x00000006c0000000, 0x00000007c0000000)
  region size 2048K, 18 young (36864K), 1 survivors (2048K)
 Metaspace       used 27077K, committed 27328K, reserved 1081344K
  class space    used 2996K, committed 3136K, reserved 1048576K
}
Event: 6.603 GC heap after
{Heap after GC invocations=15 (full 0):
 garbage-first heap   total 157696K, used 88160K [0x00000006c0000000, 0x00000007c0000000)
  region size 2048K, 3 young (6144K), 3 survivors (6144K)
 Metaspace       used 27077K, committed 27328K, reserved 1081344K
  class space    used 2996K, committed 3136K, reserved 1048576K
}
Event: 6.876 GC heap before
{Heap before GC invocations=15 (full 0):
 garbage-first heap   total 157696K, used 98400K [0x00000006c0000000, 0x00000007c0000000)
  region size 2048K, 10 young (20480K), 3 survivors (6144K)
 Metaspace       used 27561K, committed 27840K, reserved 1081344K
  class space    used 3048K, committed 3200K, reserved 1048576K
}
Event: 6.879 GC heap after
{Heap after GC invocations=16 (full 0):
 garbage-first heap   total 157696K, used 95416K [0x00000006c0000000, 0x00000007c0000000)
  region size 2048K, 2 young (4096K), 2 survivors (4096K)
 Metaspace       used 27561K, committed 27840K, reserved 1081344K
  class space    used 3048K, committed 3200K, reserved 1048576K
}
Event: 6.938 GC heap before
{Heap before GC invocations=17 (full 0):
 garbage-first heap   total 157696K, used 105656K [0x00000006c0000000, 0x00000007c0000000)
  region size 2048K, 10 young (20480K), 2 survivors (4096K)
 Metaspace       used 27585K, committed 27904K, reserved 1081344K
  class space    used 3048K, committed 3200K, reserved 1048576K
}
Event: 6.941 GC heap after
{Heap after GC invocations=18 (full 0):
 garbage-first heap   total 157696K, used 101588K [0x00000006c0000000, 0x00000007c0000000)
  region size 2048K, 2 young (4096K), 2 survivors (4096K)
 Metaspace       used 27585K, committed 27904K, reserved 1081344K
  class space    used 3048K, committed 3200K, reserved 1048576K
}
Event: 6.946 GC heap before
{Heap before GC invocations=18 (full 0):
 garbage-first heap   total 157696K, used 101588K [0x00000006c0000000, 0x00000007c0000000)
  region size 2048K, 3 young (6144K), 2 survivors (4096K)
 Metaspace       used 27585K, committed 27904K, reserved 1081344K
  class space    used 3048K, committed 3200K, reserved 1048576K
}
Event: 6.949 GC heap after
{Heap after GC invocations=19 (full 0):
 garbage-first heap   total 157696K, used 90064K [0x00000006c0000000, 0x00000007c0000000)
  region size 2048K, 1 young (2048K), 1 survivors (2048K)
 Metaspace       used 27585K, committed 27904K, reserved 1081344K
  class space    used 3048K, committed 3200K, reserved 1048576K
}
Event: 6.984 GC heap before
{Heap before GC invocations=19 (full 0):
 garbage-first heap   total 157696K, used 102352K [0x00000006c0000000, 0x00000007c0000000)
  region size 2048K, 9 young (18432K), 1 survivors (2048K)
 Metaspace       used 27589K, committed 27904K, reserved 1081344K
  class space    used 3048K, committed 3200K, reserved 1048576K
}
Event: 6.986 GC heap after
{Heap after GC invocations=20 (full 0):
 garbage-first heap   total 315392K, used 100316K [0x00000006c0000000, 0x00000007c0000000)
  region size 2048K, 2 young (4096K), 2 survivors (4096K)
 Metaspace       used 27589K, committed 27904K, reserved 1081344K
  class space    used 3048K, committed 3200K, reserved 1048576K
}
Event: 13.553 GC heap before
{Heap before GC invocations=20 (full 0):
 garbage-first heap   total 315392K, used 184284K [0x00000006c0000000, 0x00000007c0000000)
  region size 2048K, 39 young (79872K), 2 survivors (4096K)
 Metaspace       used 29589K, committed 29824K, reserved 1081344K
  class space    used 3257K, committed 3392K, reserved 1048576K
}
Event: 13.558 GC heap after
{Heap after GC invocations=21 (full 0):
 garbage-first heap   total 315392K, used 134055K [0x00000006c0000000, 0x00000007c0000000)
  region size 2048K, 5 young (10240K), 5 survivors (10240K)
 Metaspace       used 29589K, committed 29824K, reserved 1081344K
  class space    used 3257K, committed 3392K, reserved 1048576K
}
Event: 18.051 GC heap before
{Heap before GC invocations=21 (full 0):
 garbage-first heap   total 315392K, used 199591K [0x00000006c0000000, 0x00000007c0000000)
  region size 2048K, 35 young (71680K), 5 survivors (10240K)
 Metaspace       used 29786K, committed 30016K, reserved 1081344K
  class space    used 3262K, committed 3392K, reserved 1048576K
}
Event: 18.056 GC heap after
{Heap after GC invocations=22 (full 0):
 garbage-first heap   total 315392K, used 163287K [0x00000006c0000000, 0x00000007c0000000)
  region size 2048K, 5 young (10240K), 5 survivors (10240K)
 Metaspace       used 29786K, committed 30016K, reserved 1081344K
  class space    used 3262K, committed 3392K, reserved 1048576K
}
Event: 18.132 GC heap before
{Heap before GC invocations=22 (full 0):
 garbage-first heap   total 315392K, used 191959K [0x00000006c0000000, 0x00000007c0000000)
  region size 2048K, 21 young (43008K), 5 survivors (10240K)
 Metaspace       used 29787K, committed 30016K, reserved 1081344K
  class space    used 3262K, committed 3392K, reserved 1048576K
}
Event: 18.136 GC heap after
{Heap after GC invocations=23 (full 0):
 garbage-first heap   total 315392K, used 185977K [0x00000006c0000000, 0x00000007c0000000)
  region size 2048K, 4 young (8192K), 4 survivors (8192K)
 Metaspace       used 29787K, committed 30016K, reserved 1081344K
  class space    used 3262K, committed 3392K, reserved 1048576K
}
Event: 21.396 GC heap before
{Heap before GC invocations=24 (full 0):
 garbage-first heap   total 315392K, used 179833K [0x00000006c0000000, 0x00000007c0000000)
  region size 2048K, 23 young (47104K), 4 survivors (8192K)
 Metaspace       used 29916K, committed 30272K, reserved 1081344K
  class space    used 3266K, committed 3456K, reserved 1048576K
}
Event: 21.398 GC heap after
{Heap after GC invocations=25 (full 0):
 garbage-first heap   total 315392K, used 165346K [0x00000006c0000000, 0x00000007c0000000)
  region size 2048K, 3 young (6144K), 3 survivors (6144K)
 Metaspace       used 29916K, committed 30272K, reserved 1081344K
  class space    used 3266K, committed 3456K, reserved 1048576K
}
Event: 21.415 GC heap before
{Heap before GC invocations=25 (full 0):
 garbage-first heap   total 315392K, used 171490K [0x00000006c0000000, 0x00000007c0000000)
  region size 2048K, 7 young (14336K), 3 survivors (6144K)
 Metaspace       used 29916K, committed 30272K, reserved 1081344K
  class space    used 3266K, committed 3456K, reserved 1048576K
}
Event: 21.419 GC heap after
{Heap after GC invocations=26 (full 0):
 garbage-first heap   total 315392K, used 139523K [0x00000006c0000000, 0x00000007c0000000)
  region size 2048K, 1 young (2048K), 1 survivors (2048K)
 Metaspace       used 29916K, committed 30272K, reserved 1081344K
  class space    used 3266K, committed 3456K, reserved 1048576K
}

