# JRE version: OpenJDK Runtime Environment Zulu17.30+15-CA (17.0.1+12) (build 17.0.1+12-LTS)
# Java VM: OpenJDK 64-Bit Server VM Zulu17.30+15-CA (17.0.1+12-LTS, mixed mode, tiered, compressed oops, compressed class ptrs, g1 gc, bsd-aarch64)
GC Precious Log:
 CPUs: 10 total, 10 available
 Memory: 16384M
 Large Page Support: Disabled
 NUMA Support: Disabled
 Compressed Oops: Enabled (Zero based)
 Heap Region Size: 2M
 Heap Min Capacity: 8M
 Heap Initial Capacity: 256M
 Heap Max Capacity: 4G
 Pre-touch: Disabled
 Parallel Workers: 9
 Concurrent Workers: 2
 Concurrent Refinement Workers: 9
 Periodic GC: Disabled
Heap:
 garbage-first heap   total 245760K, used 165689K [0x00000006c0000000, 0x00000007c0000000)
  region size 2048K, 3 young (6144K), 2 survivors (4096K)
 Metaspace       used 29907K, committed 30208K, reserved 1081344K
  class space    used 3266K, committed 3456K, reserved 1048576K
GC Heap History (20 events):
Event: 6.592 GC heap before
{Heap before GC invocations=15 (full 0):
 garbage-first heap   total 174080K, used 99562K [0x00000006c0000000, 0x00000007c0000000)
  region size 2048K, 21 young (43008K), 1 survivors (2048K)
 Metaspace       used 27122K, committed 27392K, reserved 1081344K
  class space    used 2995K, committed 3136K, reserved 1048576K
}
Event: 6.596 GC heap after
{Heap after GC invocations=16 (full 0):
 garbage-first heap   total 174080K, used 86171K [0x00000006c0000000, 0x00000007c0000000)
  region size 2048K, 3 young (6144K), 3 survivors (6144K)
 Metaspace       used 27122K, committed 27392K, reserved 1081344K
  class space    used 2995K, committed 3136K, reserved 1048576K
}
Event: 6.854 GC heap before
{Heap before GC invocations=16 (full 0):
 garbage-first heap   total 174080K, used 94363K [0x00000006c0000000, 0x00000007c0000000)
  region size 2048K, 8 young (16384K), 3 survivors (6144K)
 Metaspace       used 27586K, committed 27840K, reserved 1081344K
  class space    used 3047K, committed 3200K, reserved 1048576K
}
Event: 6.856 GC heap after
{Heap after GC invocations=17 (full 0):
 garbage-first heap   total 174080K, used 91399K [0x00000006c0000000, 0x00000007c0000000)
  region size 2048K, 2 young (4096K), 2 survivors (4096K)
 Metaspace       used 27586K, committed 27840K, reserved 1081344K
  class space    used 3047K, committed 3200K, reserved 1048576K
}
Event: 6.940 GC heap before
{Heap before GC invocations=18 (full 0):
 garbage-first heap   total 174080K, used 109831K [0x00000006c0000000, 0x00000007c0000000)
  region size 2048K, 14 young (28672K), 2 survivors (4096K)
 Metaspace       used 27615K, committed 27904K, reserved 1081344K
  class space    used 3047K, committed 3200K, reserved 1048576K
}
Event: 6.943 GC heap after
{Heap after GC invocations=19 (full 0):
 garbage-first heap   total 174080K, used 100568K [0x00000006c0000000, 0x00000007c0000000)
  region size 2048K, 2 young (4096K), 2 survivors (4096K)
 Metaspace       used 27615K, committed 27904K, reserved 1081344K
  class space    used 3047K, committed 3200K, reserved 1048576K
}
Event: 6.954 GC heap before
{Heap before GC invocations=19 (full 0):
 garbage-first heap   total 174080K, used 102616K [0x00000006c0000000, 0x00000007c0000000)
  region size 2048K, 4 young (8192K), 2 survivors (4096K)
 Metaspace       used 27615K, committed 27904K, reserved 1081344K
  class space    used 3047K, committed 3200K, reserved 1048576K
}
Event: 6.956 GC heap after
{Heap after GC invocations=20 (full 0):
 garbage-first heap   total 174080K, used 94786K [0x00000006c0000000, 0x00000007c0000000)
  region size 2048K, 1 young (2048K), 1 survivors (2048K)
 Metaspace       used 27615K, committed 27904K, reserved 1081344K
  class space    used 3047K, committed 3200K, reserved 1048576K
}
Event: 9.031 GC heap before
{Heap before GC invocations=20 (full 0):
 garbage-first heap   total 174080K, used 117314K [0x00000006c0000000, 0x00000007c0000000)
  region size 2048K, 12 young (24576K), 1 survivors (2048K)
 Metaspace       used 29157K, committed 29440K, reserved 1081344K
  class space    used 3241K, committed 3392K, reserved 1048576K
}
Event: 9.034 GC heap after
{Heap after GC invocations=21 (full 0):
 garbage-first heap   total 348160K, used 103627K [0x00000006c0000000, 0x00000007c0000000)
  region size 2048K, 2 young (4096K), 2 survivors (4096K)
 Metaspace       used 29157K, committed 29440K, reserved 1081344K
  class space    used 3241K, committed 3392K, reserved 1048576K
}
Event: 13.997 GC heap before
{Heap before GC invocations=22 (full 0):
 garbage-first heap   total 245760K, used 167115K [0x00000006c0000000, 0x00000007c0000000)
  region size 2048K, 46 young (94208K), 2 survivors (4096K)
 Metaspace       used 29634K, committed 29952K, reserved 1081344K
  class space    used 3257K, committed 3392K, reserved 1048576K
}
Event: 14.003 GC heap after
{Heap after GC invocations=23 (full 0):
 garbage-first heap   total 245760K, used 115782K [0x00000006c0000000, 0x00000007c0000000)
  region size 2048K, 6 young (12288K), 6 survivors (12288K)
 Metaspace       used 29634K, committed 29952K, reserved 1081344K
  class space    used 3257K, committed 3392K, reserved 1048576K
}
Event: 14.152 GC heap before
{Heap before GC invocations=23 (full 0):
 garbage-first heap   total 245760K, used 117830K [0x00000006c0000000, 0x00000007c0000000)
  region size 2048K, 7 young (14336K), 6 survivors (12288K)
 Metaspace       used 29668K, committed 29952K, reserved 1081344K
  class space    used 3261K, committed 3392K, reserved 1048576K
}
Event: 14.155 GC heap after
{Heap after GC invocations=24 (full 0):
 garbage-first heap   total 245760K, used 108115K [0x00000006c0000000, 0x00000007c0000000)
  region size 2048K, 1 young (2048K), 1 survivors (2048K)
 Metaspace       used 29668K, committed 29952K, reserved 1081344K
  class space    used 3261K, committed 3392K, reserved 1048576K
}
Event: 20.120 GC heap before
{Heap before GC invocations=24 (full 0):
 garbage-first heap   total 245760K, used 153171K [0x00000006c0000000, 0x00000007c0000000)
  region size 2048K, 23 young (47104K), 1 survivors (2048K)
 Metaspace       used 29749K, committed 30016K, reserved 1081344K
  class space    used 3261K, committed 3392K, reserved 1048576K
}
Event: 20.123 GC heap after
{Heap after GC invocations=25 (full 0):
 garbage-first heap   total 245760K, used 131763K [0x00000006c0000000, 0x00000007c0000000)
  region size 2048K, 3 young (6144K), 3 survivors (6144K)
 Metaspace       used 29749K, committed 30016K, reserved 1081344K
  class space    used 3261K, committed 3392K, reserved 1048576K
}
Event: 23.401 GC heap before
{Heap before GC invocations=25 (full 0):
 garbage-first heap   total 245760K, used 168627K [0x00000006c0000000, 0x00000007c0000000)
  region size 2048K, 20 young (40960K), 3 survivors (6144K)
 Metaspace       used 29895K, committed 30208K, reserved 1081344K
  class space    used 3266K, committed 3456K, reserved 1048576K
}
Event: 23.405 GC heap after
{Heap after GC invocations=26 (full 0):
 garbage-first heap   total 245760K, used 150627K [0x00000006c0000000, 0x00000007c0000000)
  region size 2048K, 3 young (6144K), 3 survivors (6144K)
 Metaspace       used 29895K, committed 30208K, reserved 1081344K
  class space    used 3266K, committed 3456K, reserved 1048576K
}
Event: 23.443 GC heap before
{Heap before GC invocations=26 (full 0):
 garbage-first heap   total 245760K, used 167011K [0x00000006c0000000, 0x00000007c0000000)
  region size 2048K, 12 young (24576K), 3 survivors (6144K)
 Metaspace       used 29896K, committed 30208K, reserved 1081344K
  class space    used 3266K, committed 3456K, reserved 1048576K
}
Event: 23.447 GC heap after
{Heap after GC invocations=27 (full 0):
 garbage-first heap   total 245760K, used 163641K [0x00000006c0000000, 0x00000007c0000000)
  region size 2048K, 2 young (4096K), 2 survivors (4096K)
 Metaspace       used 29896K, committed 30208K, reserved 1081344K
  class space    used 3266K, committed 3456K, reserved 1048576K
}

